[0.029s] Invoking command in '/home/user/ros2_ws/src/build/bulls_bot': CMAKE_PREFIX_PATH=${CMAKE_PREFIX_PATH}:/opt/ros/jazzy DEBUGINFOD_URLS=https://debuginfod.ubuntu.com /usr/bin/cmake /home/user/ros2_ws/src/bulls_bot -DAMENT_CMAKE_SYMLINK_INSTALL=1 -DCMAKE_INSTALL_PREFIX=/home/user/ros2_ws/src/install/bulls_bot
[0.154s] -- The C compiler identification is GNU 13.3.0
[0.289s] -- The CXX compiler identification is GNU 13.3.0
[0.323s] -- Detecting C compiler ABI info
[0.446s] -- Detecting C compiler ABI info - done
[0.453s] -- Check for working C compiler: /usr/bin/cc - skipped
[0.453s] -- Detecting C compile features
[0.454s] -- Detecting C compile features - done
[0.467s] -- Detecting CXX compiler ABI info
[0.633s] -- Detecting CXX compiler ABI info - done
[0.642s] -- Check for working CXX compiler: /usr/bin/c++ - skipped
[0.642s] -- Detecting CXX compile features
[0.642s] -- Detecting CXX compile features - done
[0.659s] -- Found ament_cmake: 2.5.6 (/opt/ros/jazzy/share/ament_cmake/cmake)
[0.824s] -- Found Python3: /usr/bin/python3 (found version "3.12.3") found components: Interpreter 
[0.928s] -- Override CMake install command with custom implementation using symlinks instead of copying resources
[1.001s] -- Found ament_lint_auto: 0.17.5 (/opt/ros/jazzy/share/ament_lint_auto/cmake)
[1.114s] -- Added test 'lint_cmake' to check CMake code style
[1.116s] -- Added test 'xmllint' to check XML markup files
[1.119s] -- Configuring done (1.1s)
[1.122s] -- Generating done (0.0s)
[1.123s] -- Build files have been written to: /home/user/ros2_ws/src/build/bulls_bot
[1.130s] Invoked command in '/home/user/ros2_ws/src/build/bulls_bot' returned '0': CMAKE_PREFIX_PATH=${CMAKE_PREFIX_PATH}:/opt/ros/jazzy DEBUGINFOD_URLS=https://debuginfod.ubuntu.com /usr/bin/cmake /home/user/ros2_ws/src/bulls_bot -DAMENT_CMAKE_SYMLINK_INSTALL=1 -DCMAKE_INSTALL_PREFIX=/home/user/ros2_ws/src/install/bulls_bot
[1.131s] Invoking command in '/home/user/ros2_ws/src/build/bulls_bot': CMAKE_PREFIX_PATH=${CMAKE_PREFIX_PATH}:/opt/ros/jazzy DEBUGINFOD_URLS=https://debuginfod.ubuntu.com /usr/bin/cmake --build /home/user/ros2_ws/src/build/bulls_bot -- -j16 -l16
[1.173s] Invoked command in '/home/user/ros2_ws/src/build/bulls_bot' returned '0': CMAKE_PREFIX_PATH=${CMAKE_PREFIX_PATH}:/opt/ros/jazzy DEBUGINFOD_URLS=https://debuginfod.ubuntu.com /usr/bin/cmake --build /home/user/ros2_ws/src/build/bulls_bot -- -j16 -l16
[1.190s] Invoking command in '/home/user/ros2_ws/src/build/bulls_bot': CMAKE_PREFIX_PATH=${CMAKE_PREFIX_PATH}:/opt/ros/jazzy DEBUGINFOD_URLS=https://debuginfod.ubuntu.com /usr/bin/cmake --install /home/user/ros2_ws/src/build/bulls_bot
[1.197s] -- Install configuration: ""
[1.197s] -- Execute custom install script
[1.198s] -- Symlinking: /home/user/ros2_ws/src/install/bulls_bot/share/ament_index/resource_index/package_run_dependencies/bulls_bot
[1.206s] -- Symlinking: /home/user/ros2_ws/src/install/bulls_bot/share/ament_index/resource_index/parent_prefix_path/bulls_bot
[1.214s] -- Symlinking: /home/user/ros2_ws/src/install/bulls_bot/share/bulls_bot/environment/ament_prefix_path.sh
[1.222s] -- Symlinking: /home/user/ros2_ws/src/install/bulls_bot/share/bulls_bot/environment/ament_prefix_path.dsv
[1.232s] -- Symlinking: /home/user/ros2_ws/src/install/bulls_bot/share/bulls_bot/environment/path.sh
[1.250s] -- Symlinking: /home/user/ros2_ws/src/install/bulls_bot/share/bulls_bot/environment/path.dsv
[1.258s] -- Symlinking: /home/user/ros2_ws/src/install/bulls_bot/share/bulls_bot/local_setup.bash
[1.265s] -- Symlinking: /home/user/ros2_ws/src/install/bulls_bot/share/bulls_bot/local_setup.sh
[1.273s] -- Symlinking: /home/user/ros2_ws/src/install/bulls_bot/share/bulls_bot/local_setup.zsh
[1.280s] -- Symlinking: /home/user/ros2_ws/src/install/bulls_bot/share/bulls_bot/local_setup.dsv
[1.289s] -- Symlinking: /home/user/ros2_ws/src/install/bulls_bot/share/bulls_bot/package.dsv
[1.297s] -- Symlinking: /home/user/ros2_ws/src/install/bulls_bot/share/ament_index/resource_index/packages/bulls_bot
[1.304s] -- Symlinking: /home/user/ros2_ws/src/install/bulls_bot/share/bulls_bot/cmake/bulls_botConfig.cmake
[1.311s] -- Symlinking: /home/user/ros2_ws/src/install/bulls_bot/share/bulls_bot/cmake/bulls_botConfig-version.cmake
[1.320s] -- Symlinking: /home/user/ros2_ws/src/install/bulls_bot/share/bulls_bot/package.xml
[1.331s] Invoked command in '/home/user/ros2_ws/src/build/bulls_bot' returned '0': CMAKE_PREFIX_PATH=${CMAKE_PREFIX_PATH}:/opt/ros/jazzy DEBUGINFOD_URLS=https://debuginfod.ubuntu.com /usr/bin/cmake --install /home/user/ros2_ws/src/build/bulls_bot
