[0.110s] DEBUG:colcon:Command line arguments: ['/usr/bin/colcon', 'build', '--symlink-install']
[0.110s] DEBUG:colcon:Parsed command line arguments: Namespace(log_base=None, log_level=None, verb_name='build', build_base='build', install_base='install', merge_install=False, symlink_install=True, test_result_base=None, continue_on_error=False, executor='parallel', parallel_workers=16, event_handlers=None, ignore_user_meta=False, metas=['./colcon.meta'], base_paths=['.'], packages_ignore=None, packages_ignore_regex=None, paths=None, packages_up_to=None, packages_up_to_regex=None, packages_above=None, packages_above_and_dependencies=None, packages_above_depth=None, packages_select_by_dep=None, packages_skip_by_dep=None, packages_skip_up_to=None, packages_select_build_failed=False, packages_skip_build_finished=False, packages_select_test_failures=False, packages_skip_test_passed=False, packages_select=None, packages_skip=None, packages_select_regex=None, packages_skip_regex=None, packages_start=None, packages_end=None, allow_overriding=[], cmake_args=None, cmake_target=None, cmake_target_skip_unavailable=False, cmake_clean_cache=False, cmake_clean_first=False, cmake_force_configure=False, ament_cmake_args=None, catkin_cmake_args=None, catkin_skip_building_tests=False, mixin_files=None, mixin=None, verb_parser=<colcon_mixin.mixin.mixin_argument.MixinArgumentDecorator object at 0x737a7615eba0>, verb_extension=<colcon_core.verb.build.BuildVerb object at 0x737a760fca70>, main=<bound method BuildVerb.main of <colcon_core.verb.build.BuildVerb object at 0x737a760fca70>>, mixin_verb=('build',))
[0.184s] Level 1:colcon.colcon_core.package_discovery:discover_packages(colcon_meta) check parameters
[0.184s] Level 1:colcon.colcon_core.package_discovery:discover_packages(recursive) check parameters
[0.184s] Level 1:colcon.colcon_core.package_discovery:discover_packages(ignore) check parameters
[0.184s] Level 1:colcon.colcon_core.package_discovery:discover_packages(path) check parameters
[0.184s] Level 1:colcon.colcon_core.package_discovery:discover_packages(colcon_meta) discover
[0.184s] Level 1:colcon.colcon_core.package_discovery:discover_packages(recursive) discover
[0.184s] INFO:colcon.colcon_core.package_discovery:Crawling recursively for packages in '/home/user/ros2_ws/src'
[0.184s] Level 1:colcon.colcon_core.package_identification:_identify(.) by extensions ['ignore', 'ignore_ament_install']
[0.184s] Level 1:colcon.colcon_core.package_identification:_identify(.) by extension 'ignore'
[0.185s] Level 1:colcon.colcon_core.package_identification:_identify(.) by extension 'ignore_ament_install'
[0.185s] Level 1:colcon.colcon_core.package_identification:_identify(.) by extensions ['colcon_pkg']
[0.185s] Level 1:colcon.colcon_core.package_identification:_identify(.) by extension 'colcon_pkg'
[0.185s] Level 1:colcon.colcon_core.package_identification:_identify(.) by extensions ['colcon_meta']
[0.185s] Level 1:colcon.colcon_core.package_identification:_identify(.) by extension 'colcon_meta'
[0.185s] Level 1:colcon.colcon_core.package_identification:_identify(.) by extensions ['ros']
[0.185s] Level 1:colcon.colcon_core.package_identification:_identify(.) by extension 'ros'
[0.201s] Level 1:colcon.colcon_core.package_identification:_identify(.) by extensions ['cmake', 'python']
[0.201s] Level 1:colcon.colcon_core.package_identification:_identify(.) by extension 'cmake'
[0.201s] Level 1:colcon.colcon_core.package_identification:_identify(.) by extension 'python'
[0.201s] Level 1:colcon.colcon_core.package_identification:_identify(.) by extensions ['python_setup_py']
[0.201s] Level 1:colcon.colcon_core.package_identification:_identify(.) by extension 'python_setup_py'
[0.201s] Level 1:colcon.colcon_core.package_identification:_identify(build) by extensions ['ignore', 'ignore_ament_install']
[0.201s] Level 1:colcon.colcon_core.package_identification:_identify(build) by extension 'ignore'
[0.201s] Level 1:colcon.colcon_core.package_identification:_identify(build) ignored
[0.201s] Level 1:colcon.colcon_core.package_identification:_identify(bulls_bot) by extensions ['ignore', 'ignore_ament_install']
[0.201s] Level 1:colcon.colcon_core.package_identification:_identify(bulls_bot) by extension 'ignore'
[0.201s] Level 1:colcon.colcon_core.package_identification:_identify(bulls_bot) by extension 'ignore_ament_install'
[0.201s] Level 1:colcon.colcon_core.package_identification:_identify(bulls_bot) by extensions ['colcon_pkg']
[0.201s] Level 1:colcon.colcon_core.package_identification:_identify(bulls_bot) by extension 'colcon_pkg'
[0.201s] Level 1:colcon.colcon_core.package_identification:_identify(bulls_bot) by extensions ['colcon_meta']
[0.201s] Level 1:colcon.colcon_core.package_identification:_identify(bulls_bot) by extension 'colcon_meta'
[0.201s] Level 1:colcon.colcon_core.package_identification:_identify(bulls_bot) by extensions ['ros']
[0.201s] Level 1:colcon.colcon_core.package_identification:_identify(bulls_bot) by extension 'ros'
[0.204s] DEBUG:colcon.colcon_core.package_identification:Package 'bulls_bot' with type 'ros.ament_cmake' and name 'bulls_bot'
[0.204s] Level 1:colcon.colcon_core.package_identification:_identify(install) by extensions ['ignore', 'ignore_ament_install']
[0.204s] Level 1:colcon.colcon_core.package_identification:_identify(install) by extension 'ignore'
[0.204s] Level 1:colcon.colcon_core.package_identification:_identify(install) ignored
[0.204s] Level 1:colcon.colcon_core.package_identification:_identify(log) by extensions ['ignore', 'ignore_ament_install']
[0.204s] Level 1:colcon.colcon_core.package_identification:_identify(log) by extension 'ignore'
[0.204s] Level 1:colcon.colcon_core.package_identification:_identify(log) ignored
[0.204s] Level 1:colcon.colcon_core.package_discovery:discover_packages(recursive) using defaults
[0.204s] Level 1:colcon.colcon_core.package_discovery:discover_packages(ignore) discover
[0.204s] Level 1:colcon.colcon_core.package_discovery:discover_packages(ignore) using defaults
[0.204s] Level 1:colcon.colcon_core.package_discovery:discover_packages(path) discover
[0.204s] Level 1:colcon.colcon_core.package_discovery:discover_packages(path) using defaults
[0.225s] Level 1:colcon.colcon_core.package_discovery:discover_packages(prefix_path) check parameters
[0.225s] Level 1:colcon.colcon_core.package_discovery:discover_packages(prefix_path) discover
[0.230s] DEBUG:colcon.colcon_installed_package_information.package_discovery:Found 511 installed packages in /opt/ros/jazzy
[0.231s] Level 1:colcon.colcon_core.package_discovery:discover_packages(prefix_path) using defaults
[0.265s] Level 5:colcon.colcon_core.verb:set package 'bulls_bot' build argument 'cmake_args' from command line to 'None'
[0.265s] Level 5:colcon.colcon_core.verb:set package 'bulls_bot' build argument 'cmake_target' from command line to 'None'
[0.265s] Level 5:colcon.colcon_core.verb:set package 'bulls_bot' build argument 'cmake_target_skip_unavailable' from command line to 'False'
[0.265s] Level 5:colcon.colcon_core.verb:set package 'bulls_bot' build argument 'cmake_clean_cache' from command line to 'False'
[0.265s] Level 5:colcon.colcon_core.verb:set package 'bulls_bot' build argument 'cmake_clean_first' from command line to 'False'
[0.265s] Level 5:colcon.colcon_core.verb:set package 'bulls_bot' build argument 'cmake_force_configure' from command line to 'False'
[0.265s] Level 5:colcon.colcon_core.verb:set package 'bulls_bot' build argument 'ament_cmake_args' from command line to 'None'
[0.265s] Level 5:colcon.colcon_core.verb:set package 'bulls_bot' build argument 'catkin_cmake_args' from command line to 'None'
[0.265s] Level 5:colcon.colcon_core.verb:set package 'bulls_bot' build argument 'catkin_skip_building_tests' from command line to 'False'
[0.265s] DEBUG:colcon.colcon_core.verb:Building package 'bulls_bot' with the following arguments: {'ament_cmake_args': None, 'build_base': '/home/user/ros2_ws/src/build/bulls_bot', 'catkin_cmake_args': None, 'catkin_skip_building_tests': False, 'cmake_args': None, 'cmake_clean_cache': False, 'cmake_clean_first': False, 'cmake_force_configure': False, 'cmake_target': None, 'cmake_target_skip_unavailable': False, 'install_base': '/home/user/ros2_ws/src/install/bulls_bot', 'merge_install': False, 'path': '/home/user/ros2_ws/src/bulls_bot', 'symlink_install': True, 'test_result_base': None}
[0.265s] INFO:colcon.colcon_core.executor:Executing jobs using 'parallel' executor
[0.267s] DEBUG:colcon.colcon_parallel_executor.executor.parallel:run_until_complete
[0.267s] INFO:colcon.colcon_ros.task.ament_cmake.build:Building ROS package in '/home/user/ros2_ws/src/bulls_bot' with build type 'ament_cmake'
[0.267s] INFO:colcon.colcon_cmake.task.cmake.build:Building CMake package in '/home/user/ros2_ws/src/bulls_bot'
[0.285s] INFO:colcon.colcon_core.plugin_system:Skipping extension 'colcon_core.shell.bat': Not used on non-Windows systems
[0.285s] INFO:colcon.colcon_core.shell:Skip shell extension 'powershell' for command environment: Not usable outside of PowerShell
[0.285s] DEBUG:colcon.colcon_core.shell:Skip shell extension 'dsv' for command environment
[0.296s] DEBUG:colcon.colcon_core.event_handler.log_command:Invoking command in '/home/user/ros2_ws/src/build/bulls_bot': CMAKE_PREFIX_PATH=${CMAKE_PREFIX_PATH}:/opt/ros/jazzy DEBUGINFOD_URLS=https://debuginfod.ubuntu.com /usr/bin/cmake /home/user/ros2_ws/src/bulls_bot -DAMENT_CMAKE_SYMLINK_INSTALL=1 -DCMAKE_INSTALL_PREFIX=/home/user/ros2_ws/src/install/bulls_bot
[1.398s] DEBUG:colcon.colcon_core.event_handler.log_command:Invoked command in '/home/user/ros2_ws/src/build/bulls_bot' returned '0': CMAKE_PREFIX_PATH=${CMAKE_PREFIX_PATH}:/opt/ros/jazzy DEBUGINFOD_URLS=https://debuginfod.ubuntu.com /usr/bin/cmake /home/user/ros2_ws/src/bulls_bot -DAMENT_CMAKE_SYMLINK_INSTALL=1 -DCMAKE_INSTALL_PREFIX=/home/user/ros2_ws/src/install/bulls_bot
[1.398s] DEBUG:colcon.colcon_core.event_handler.log_command:Invoking command in '/home/user/ros2_ws/src/build/bulls_bot': CMAKE_PREFIX_PATH=${CMAKE_PREFIX_PATH}:/opt/ros/jazzy DEBUGINFOD_URLS=https://debuginfod.ubuntu.com /usr/bin/cmake --build /home/user/ros2_ws/src/build/bulls_bot -- -j16 -l16
[1.440s] DEBUG:colcon.colcon_core.event_handler.log_command:Invoked command in '/home/user/ros2_ws/src/build/bulls_bot' returned '0': CMAKE_PREFIX_PATH=${CMAKE_PREFIX_PATH}:/opt/ros/jazzy DEBUGINFOD_URLS=https://debuginfod.ubuntu.com /usr/bin/cmake --build /home/user/ros2_ws/src/build/bulls_bot -- -j16 -l16
[1.457s] DEBUG:colcon.colcon_core.event_handler.log_command:Invoking command in '/home/user/ros2_ws/src/build/bulls_bot': CMAKE_PREFIX_PATH=${CMAKE_PREFIX_PATH}:/opt/ros/jazzy DEBUGINFOD_URLS=https://debuginfod.ubuntu.com /usr/bin/cmake --install /home/user/ros2_ws/src/build/bulls_bot
[1.597s] Level 1:colcon.colcon_core.environment:create_environment_scripts_only(bulls_bot)
[1.598s] DEBUG:colcon.colcon_core.event_handler.log_command:Invoked command in '/home/user/ros2_ws/src/build/bulls_bot' returned '0': CMAKE_PREFIX_PATH=${CMAKE_PREFIX_PATH}:/opt/ros/jazzy DEBUGINFOD_URLS=https://debuginfod.ubuntu.com /usr/bin/cmake --install /home/user/ros2_ws/src/build/bulls_bot
[1.622s] Level 1:colcon.colcon_core.environment:checking '/home/user/ros2_ws/src/install/bulls_bot' for CMake module files
[1.622s] Level 1:colcon.colcon_core.environment:checking '/home/user/ros2_ws/src/install/bulls_bot' for CMake config files
[1.623s] Level 1:colcon.colcon_core.shell:create_environment_hook('bulls_bot', 'cmake_prefix_path')
[1.623s] INFO:colcon.colcon_core.shell:Creating environment hook '/home/user/ros2_ws/src/install/bulls_bot/share/bulls_bot/hook/cmake_prefix_path.ps1'
[1.625s] INFO:colcon.colcon_core.shell:Creating environment descriptor '/home/user/ros2_ws/src/install/bulls_bot/share/bulls_bot/hook/cmake_prefix_path.dsv'
[1.625s] INFO:colcon.colcon_core.shell:Creating environment hook '/home/user/ros2_ws/src/install/bulls_bot/share/bulls_bot/hook/cmake_prefix_path.sh'
[1.626s] Level 1:colcon.colcon_core.environment:checking '/home/user/ros2_ws/src/install/bulls_bot/bin'
[1.626s] Level 1:colcon.colcon_core.environment:checking '/home/user/ros2_ws/src/install/bulls_bot/lib/pkgconfig/bulls_bot.pc'
[1.626s] Level 1:colcon.colcon_core.environment:checking '/home/user/ros2_ws/src/install/bulls_bot/lib/python3.12/site-packages'
[1.627s] Level 1:colcon.colcon_core.environment:checking '/home/user/ros2_ws/src/install/bulls_bot/bin'
[1.627s] INFO:colcon.colcon_core.shell:Creating package script '/home/user/ros2_ws/src/install/bulls_bot/share/bulls_bot/package.ps1'
[1.628s] INFO:colcon.colcon_core.shell:Creating package descriptor '/home/user/ros2_ws/src/install/bulls_bot/share/bulls_bot/package.dsv'
[1.628s] INFO:colcon.colcon_core.shell:Creating package script '/home/user/ros2_ws/src/install/bulls_bot/share/bulls_bot/package.sh'
[1.629s] INFO:colcon.colcon_core.shell:Creating package script '/home/user/ros2_ws/src/install/bulls_bot/share/bulls_bot/package.bash'
[1.630s] INFO:colcon.colcon_core.shell:Creating package script '/home/user/ros2_ws/src/install/bulls_bot/share/bulls_bot/package.zsh'
[1.631s] Level 1:colcon.colcon_core.environment:create_file_with_runtime_dependencies(/home/user/ros2_ws/src/install/bulls_bot/share/colcon-core/packages/bulls_bot)
[1.631s] Level 1:colcon.colcon_core.environment:create_environment_scripts_only(bulls_bot)
[1.631s] Level 1:colcon.colcon_core.environment:checking '/home/user/ros2_ws/src/install/bulls_bot' for CMake module files
[1.632s] Level 1:colcon.colcon_core.environment:checking '/home/user/ros2_ws/src/install/bulls_bot' for CMake config files
[1.632s] Level 1:colcon.colcon_core.shell:create_environment_hook('bulls_bot', 'cmake_prefix_path')
[1.632s] INFO:colcon.colcon_core.shell:Creating environment hook '/home/user/ros2_ws/src/install/bulls_bot/share/bulls_bot/hook/cmake_prefix_path.ps1'
[1.632s] INFO:colcon.colcon_core.shell:Creating environment descriptor '/home/user/ros2_ws/src/install/bulls_bot/share/bulls_bot/hook/cmake_prefix_path.dsv'
[1.633s] INFO:colcon.colcon_core.shell:Creating environment hook '/home/user/ros2_ws/src/install/bulls_bot/share/bulls_bot/hook/cmake_prefix_path.sh'
[1.633s] Level 1:colcon.colcon_core.environment:checking '/home/user/ros2_ws/src/install/bulls_bot/bin'
[1.633s] Level 1:colcon.colcon_core.environment:checking '/home/user/ros2_ws/src/install/bulls_bot/lib/pkgconfig/bulls_bot.pc'
[1.633s] Level 1:colcon.colcon_core.environment:checking '/home/user/ros2_ws/src/install/bulls_bot/lib/python3.12/site-packages'
[1.633s] Level 1:colcon.colcon_core.environment:checking '/home/user/ros2_ws/src/install/bulls_bot/bin'
[1.634s] INFO:colcon.colcon_core.shell:Creating package script '/home/user/ros2_ws/src/install/bulls_bot/share/bulls_bot/package.ps1'
[1.634s] INFO:colcon.colcon_core.shell:Creating package descriptor '/home/user/ros2_ws/src/install/bulls_bot/share/bulls_bot/package.dsv'
[1.634s] INFO:colcon.colcon_core.shell:Creating package script '/home/user/ros2_ws/src/install/bulls_bot/share/bulls_bot/package.sh'
[1.635s] INFO:colcon.colcon_core.shell:Creating package script '/home/user/ros2_ws/src/install/bulls_bot/share/bulls_bot/package.bash'
[1.635s] INFO:colcon.colcon_core.shell:Creating package script '/home/user/ros2_ws/src/install/bulls_bot/share/bulls_bot/package.zsh'
[1.635s] Level 1:colcon.colcon_core.environment:create_file_with_runtime_dependencies(/home/user/ros2_ws/src/install/bulls_bot/share/colcon-core/packages/bulls_bot)
[1.636s] DEBUG:colcon.colcon_parallel_executor.executor.parallel:closing loop
[1.636s] DEBUG:colcon.colcon_parallel_executor.executor.parallel:loop closed
[1.636s] DEBUG:colcon.colcon_parallel_executor.executor.parallel:run_until_complete finished with '0'
[1.637s] DEBUG:colcon.colcon_core.event_reactor:joining thread
[1.647s] INFO:colcon.colcon_core.plugin_system:Skipping extension 'colcon_notification.desktop_notification.terminal_notifier': Not used on non-Darwin systems
[1.647s] INFO:colcon.colcon_core.plugin_system:Skipping extension 'colcon_notification.desktop_notification.win32': Not used on non-Windows systems
[1.647s] INFO:colcon.colcon_notification.desktop_notification:Sending desktop notification using 'notify2'
[1.687s] DEBUG:colcon.colcon_core.event_reactor:joined thread
[1.688s] INFO:colcon.colcon_core.shell:Creating prefix script '/home/user/ros2_ws/src/install/local_setup.ps1'
[1.689s] INFO:colcon.colcon_core.shell:Creating prefix util module '/home/user/ros2_ws/src/install/_local_setup_util_ps1.py'
[1.690s] INFO:colcon.colcon_core.shell:Creating prefix chain script '/home/user/ros2_ws/src/install/setup.ps1'
[1.694s] INFO:colcon.colcon_core.shell:Creating prefix script '/home/user/ros2_ws/src/install/local_setup.sh'
[1.696s] INFO:colcon.colcon_core.shell:Creating prefix util module '/home/user/ros2_ws/src/install/_local_setup_util_sh.py'
[1.696s] INFO:colcon.colcon_core.shell:Creating prefix chain script '/home/user/ros2_ws/src/install/setup.sh'
[1.698s] INFO:colcon.colcon_core.shell:Creating prefix script '/home/user/ros2_ws/src/install/local_setup.bash'
[1.699s] INFO:colcon.colcon_core.shell:Creating prefix chain script '/home/user/ros2_ws/src/install/setup.bash'
[1.700s] INFO:colcon.colcon_core.shell:Creating prefix script '/home/user/ros2_ws/src/install/local_setup.zsh'
[1.709s] INFO:colcon.colcon_core.shell:Creating prefix chain script '/home/user/ros2_ws/src/install/setup.zsh'
